<?xml version="1.0" encoding="UTF-8"?>
<testng-results ignored="0" total="1" passed="1" failed="0" skipped="0">
  <reporter-output>
  </reporter-output>
  <suite started-at="2021-03-14T15:20:27 IST" name="Default suite" finished-at="2021-03-14T15:20:28 IST" duration-ms="78">
    <groups>
    </groups>
    <test started-at="2021-03-14T15:20:27 IST" name="Default test" finished-at="2021-03-14T15:20:28 IST" duration-ms="78">
      <class name="GET_TEST">
        <test-method signature="Test()[pri:0, instance:GET_TEST@28975c28]" started-at="2021-03-14T15:20:28 IST" name="Test" finished-at="2021-03-14T15:20:28 IST" duration-ms="12" status="PASS">
          <reporter-output>
          </reporter-output>
        </test-method> <!-- Test -->
      </class> <!-- GET_TEST -->
    </test> <!-- Default test -->
  </suite> <!-- Default suite -->
</testng-results>
